version: 0.2.7

A new version of ember-cli is available (2.4.1). To install it, type ember update.
BuildingBuilding...
Brocfile.js not found
Error: Brocfile.js not found
  at Object.loadBrocfile (/home/alex/RubymineProjects/transport/frontend/node_modules/ember-cli/node_modules/broccoli/lib/builder.js:163:31)
  at Class.module.exports.Task.extend.setupBroccoliBuilder (/home/alex/RubymineProjects/transport/frontend/node_modules/ember-cli/lib/models/builder.js:21:29)
  at Class.module.exports.Task.extend.init (/home/alex/RubymineProjects/transport/frontend/node_modules/ember-cli/lib/models/builder.js:35:10)
  at new Class (/home/alex/RubymineProjects/transport/frontend/node_modules/ember-cli/node_modules/core-object/core-object.js:18:12)
  at Class.module.exports.Task.extend.run (/home/alex/RubymineProjects/transport/frontend/node_modules/ember-cli/lib/tasks/build-watch.js:17:16)
  at Class.module.exports.Command.extend.run (/home/alex/RubymineProjects/transport/frontend/node_modules/ember-cli/lib/commands/build.js:25:22)
  at Class.<anonymous> (/home/alex/RubymineProjects/transport/frontend/node_modules/ember-cli/lib/models/command.js:136:17)
  at lib$rsvp$$internal$$tryCatch (/home/alex/RubymineProjects/transport/frontend/node_modules/ember-cli/node_modules/rsvp/dist/rsvp.js:1036:16)
  at lib$rsvp$$internal$$invokeCallback (/home/alex/RubymineProjects/transport/frontend/node_modules/ember-cli/node_modules/rsvp/dist/rsvp.js:1048:17)
  at lib$rsvp$$internal$$publish (/home/alex/RubymineProjects/transport/frontend/node_modules/ember-cli/node_modules/rsvp/dist/rsvp.js:1019:11)
  at lib$rsvp$asap$$flush (/home/alex/RubymineProjects/transport/frontend/node_modules/ember-cli/node_modules/rsvp/dist/rsvp.js:1198:9)
  at process._tickCallback (node.js:355:11)

version: 0.2.7

A new version of ember-cli is available (2.4.1). To install it, type ember update.
BuildingBuilding.Building...
A non-recoverable condition has triggered.  Watchman needs your help!
The triggering condition was at timestamp=1456933743: inotify-add-watch(/home/alex/RubymineProjects/transport/frontend/bower_components/ember-cli-shims) -> The user limit on the total number of inotify watches was reached; increase the fs.inotify.max_user_watches sysctl
All requests will continue to fail with this message until you resolve
the underlying problem.  You will find more information on fixing this at
https://facebook.github.io/watchman/docs/troubleshooting.html#poison-inotify-add-watch

Error: A non-recoverable condition has triggered.  Watchman needs your help!
The triggering condition was at timestamp=1456933743: inotify-add-watch(/home/alex/RubymineProjects/transport/frontend/bower_components/ember-cli-shims) -> The user limit on the total number of inotify watches was reached; increase the fs.inotify.max_user_watches sysctl
All requests will continue to fail with this message until you resolve
the underlying problem.  You will find more information on fixing this at
https://facebook.github.io/watchman/docs/troubleshooting.html#poison-inotify-add-watch

  at BunserBuf.<anonymous> (/home/alex/RubymineProjects/transport/frontend/node_modules/ember-cli/node_modules/sane/node_modules/fb-watchman/index.js:95:23)
  at BunserBuf.emit (events.js:107:17)
  at BunserBuf.process (/home/alex/RubymineProjects/transport/frontend/node_modules/ember-cli/node_modules/sane/node_modules/fb-watchman/node_modules/bser/index.js:289:10)
  at /home/alex/RubymineProjects/transport/frontend/node_modules/ember-cli/node_modules/sane/node_modules/fb-watchman/node_modules/bser/index.js:244:12
  at process._tickCallback (node.js:355:11)

A non-recoverable condition has triggered.  Watchman needs your help!
The triggering condition was at timestamp=1456933743: inotify-add-watch(/home/alex/RubymineProjects/transport/frontend/bower_components/ember-cli-shims) -> The user limit on the total number of inotify watches was reached; increase the fs.inotify.max_user_watches sysctl
All requests will continue to fail with this message until you resolve
the underlying problem.  You will find more information on fixing this at
https://facebook.github.io/watchman/docs/troubleshooting.html#poison-inotify-add-watch

Error: A non-recoverable condition has triggered.  Watchman needs your help!
The triggering condition was at timestamp=1456933743: inotify-add-watch(/home/alex/RubymineProjects/transport/frontend/bower_components/ember-cli-shims) -> The user limit on the total number of inotify watches was reached; increase the fs.inotify.max_user_watches sysctl
All requests will continue to fail with this message until you resolve
the underlying problem.  You will find more information on fixing this at
https://facebook.github.io/watchman/docs/troubleshooting.html#poison-inotify-add-watch

  at BunserBuf.<anonymous> (/home/alex/RubymineProjects/transport/frontend/node_modules/ember-cli/node_modules/sane/node_modules/fb-watchman/index.js:95:23)
  at BunserBuf.emit (events.js:107:17)
  at BunserBuf.process (/home/alex/RubymineProjects/transport/frontend/node_modules/ember-cli/node_modules/sane/node_modules/fb-watchman/node_modules/bser/index.js:289:10)
  at /home/alex/RubymineProjects/transport/frontend/node_modules/ember-cli/node_modules/sane/node_modules/fb-watchman/node_modules/bser/index.js:244:12
  at process._tickCallback (node.js:355:11)

A non-recoverable condition has triggered.  Watchman needs your help!
The triggering condition was at timestamp=1456933743: inotify-add-watch(/home/alex/RubymineProjects/transport/frontend/bower_components/ember-cli-shims) -> The user limit on the total number of inotify watches was reached; increase the fs.inotify.max_user_watches sysctl
All requests will continue to fail with this message until you resolve
the underlying problem.  You will find more information on fixing this at
https://facebook.github.io/watchman/docs/troubleshooting.html#poison-inotify-add-watch

Error: A non-recoverable condition has triggered.  Watchman needs your help!
The triggering condition was at timestamp=1456933743: inotify-add-watch(/home/alex/RubymineProjects/transport/frontend/bower_components/ember-cli-shims) -> The user limit on the total number of inotify watches was reached; increase the fs.inotify.max_user_watches sysctl
All requests will continue to fail with this message until you resolve
the underlying problem.  You will find more information on fixing this at
https://facebook.github.io/watchman/docs/troubleshooting.html#poison-inotify-add-watch

  at BunserBuf.<anonymous> (/home/alex/RubymineProjects/transport/frontend/node_modules/ember-cli/node_modules/sane/node_modules/fb-watchman/index.js:95:23)
  at BunserBuf.emit (events.js:107:17)
  at BunserBuf.process (/home/alex/RubymineProjects/transport/frontend/node_modules/ember-cli/node_modules/sane/node_modules/fb-watchman/node_modules/bser/index.js:289:10)
  at /home/alex/RubymineProjects/transport/frontend/node_modules/ember-cli/node_modules/sane/node_modules/fb-watchman/node_modules/bser/index.js:244:12
  at process._tickCallback (node.js:355:11)

A non-recoverable condition has triggered.  Watchman needs your help!
The triggering condition was at timestamp=1456933743: inotify-add-watch(/home/alex/RubymineProjects/transport/frontend/bower_components/ember-cli-shims) -> The user limit on the total number of inotify watches was reached; increase the fs.inotify.max_user_watches sysctl
All requests will continue to fail with this message until you resolve
the underlying problem.  You will find more information on fixing this at
https://facebook.github.io/watchman/docs/troubleshooting.html#poison-inotify-add-watch

Error: A non-recoverable condition has triggered.  Watchman needs your help!
The triggering condition was at timestamp=1456933743: inotify-add-watch(/home/alex/RubymineProjects/transport/frontend/bower_components/ember-cli-shims) -> The user limit on the total number of inotify watches was reached; increase the fs.inotify.max_user_watches sysctl
All requests will continue to fail with this message until you resolve
the underlying problem.  You will find more information on fixing this at
https://facebook.github.io/watchman/docs/troubleshooting.html#poison-inotify-add-watch

  at BunserBuf.<anonymous> (/home/alex/RubymineProjects/transport/frontend/node_modules/ember-cli/node_modules/sane/node_modules/fb-watchman/index.js:95:23)
  at BunserBuf.emit (events.js:107:17)
  at BunserBuf.process (/home/alex/RubymineProjects/transport/frontend/node_modules/ember-cli/node_modules/sane/node_modules/fb-watchman/node_modules/bser/index.js:289:10)
  at /home/alex/RubymineProjects/transport/frontend/node_modules/ember-cli/node_modules/sane/node_modules/fb-watchman/node_modules/bser/index.js:244:12
  at process._tickCallback (node.js:355:11)

A non-recoverable condition has triggered.  Watchman needs your help!
The triggering condition was at timestamp=1456933743: inotify-add-watch(/home/alex/RubymineProjects/transport/frontend/bower_components/ember-cli-shims) -> The user limit on the total number of inotify watches was reached; increase the fs.inotify.max_user_watches sysctl
All requests will continue to fail with this message until you resolve
the underlying problem.  You will find more information on fixing this at
https://facebook.github.io/watchman/docs/troubleshooting.html#poison-inotify-add-watch

Error: A non-recoverable condition has triggered.  Watchman needs your help!
The triggering condition was at timestamp=1456933743: inotify-add-watch(/home/alex/RubymineProjects/transport/frontend/bower_components/ember-cli-shims) -> The user limit on the total number of inotify watches was reached; increase the fs.inotify.max_user_watches sysctl
All requests will continue to fail with this message until you resolve
the underlying problem.  You will find more information on fixing this at
https://facebook.github.io/watchman/docs/troubleshooting.html#poison-inotify-add-watch

  at ChildProcess.<anonymous> (/home/alex/RubymineProjects/transport/frontend/node_modules/ember-cli/node_modules/sane/node_modules/fb-watchman/index.js:206:21)
  at ChildProcess.emit (events.js:110:17)
  at maybeClose (child_process.js:1016:16)
  at Socket.<anonymous> (child_process.js:1184:11)
  at Socket.emit (events.js:107:17)
  at Pipe.close (net.js:484:11)

File: frontend/routes/root.coffee (8)
unmatched OUTDENT
[stdin]:8:41: error: unmatched OUTDENT
    controller.set('machinary', records)
                                        ^
File: frontend/routes/root.coffee (8)
unmatched OUTDENT
[stdin]:8:41: error: unmatched OUTDENT
    controller.set('machinary', records)
                                        ^
version: 0.2.7
2.4.1

BuildingBuilding.Building..Building...BuildingBuilding...
File: frontend/routes/root.coffee (8)
unmatched OUTDENT
[stdin]:8:41: error: unmatched OUTDENT
    controller.set('machinary', records)
                                        ^
File: frontend/routes/root.coffee (8)
unmatched OUTDENT
[stdin]:8:41: error: unmatched OUTDENT
    controller.set('machinary', records)
                                        ^
version: 0.2.7

A new version of ember-cli is available (2.4.1). To install it, type ember update.
BuildingBuilding.Building..Building...BuildingBuilding...
Path or pattern "bower_components/loader.js/loader.js" did not match any files
Error: Path or pattern "bower_components/loader.js/loader.js" did not match any files
  at Object.multiGlob (/home/alex/RubymineProjects/transport/frontend/node_modules/ember-cli/node_modules/broccoli-kitchen-sink-helpers/index.js:202:13)
  at Class.module.exports.CachingWriter.extend.addFiles (/home/alex/RubymineProjects/transport/frontend/node_modules/ember-cli/node_modules/broccoli-sourcemap-concat/concat-with-maps.js:74:13)
  at Class.module.exports.CachingWriter.extend.updateCache (/home/alex/RubymineProjects/transport/frontend/node_modules/ember-cli/node_modules/broccoli-sourcemap-concat/concat-with-maps.js:52:12)
  at /home/alex/RubymineProjects/transport/frontend/node_modules/ember-cli/node_modules/broccoli-sourcemap-concat/node_modules/broccoli-caching-writer/index.js:92:34
  at lib$rsvp$$internal$$tryCatch (/home/alex/RubymineProjects/transport/frontend/node_modules/ember-cli/node_modules/rsvp/dist/rsvp.js:1036:16)
  at lib$rsvp$$internal$$invokeCallback (/home/alex/RubymineProjects/transport/frontend/node_modules/ember-cli/node_modules/rsvp/dist/rsvp.js:1048:17)
  at lib$rsvp$$internal$$publish (/home/alex/RubymineProjects/transport/frontend/node_modules/ember-cli/node_modules/rsvp/dist/rsvp.js:1019:11)
  at lib$rsvp$asap$$flush (/home/alex/RubymineProjects/transport/frontend/node_modules/ember-cli/node_modules/rsvp/dist/rsvp.js:1198:9)
  at process._tickCallback (node.js:355:11)

Path or pattern "bower_components/loader.js/loader.js" did not match any files
Error: Path or pattern "bower_components/loader.js/loader.js" did not match any files
  at Object.multiGlob (/home/alex/RubymineProjects/transport/frontend/node_modules/ember-cli/node_modules/broccoli-kitchen-sink-helpers/index.js:202:13)
  at Class.module.exports.CachingWriter.extend.addFiles (/home/alex/RubymineProjects/transport/frontend/node_modules/ember-cli/node_modules/broccoli-sourcemap-concat/concat-with-maps.js:74:13)
  at Class.module.exports.CachingWriter.extend.updateCache (/home/alex/RubymineProjects/transport/frontend/node_modules/ember-cli/node_modules/broccoli-sourcemap-concat/concat-with-maps.js:52:12)
  at /home/alex/RubymineProjects/transport/frontend/node_modules/ember-cli/node_modules/broccoli-sourcemap-concat/node_modules/broccoli-caching-writer/index.js:92:34
  at lib$rsvp$$internal$$tryCatch (/home/alex/RubymineProjects/transport/frontend/node_modules/ember-cli/node_modules/rsvp/dist/rsvp.js:1036:16)
  at lib$rsvp$$internal$$invokeCallback (/home/alex/RubymineProjects/transport/frontend/node_modules/ember-cli/node_modules/rsvp/dist/rsvp.js:1048:17)
  at lib$rsvp$$internal$$publish (/home/alex/RubymineProjects/transport/frontend/node_modules/ember-cli/node_modules/rsvp/dist/rsvp.js:1019:11)
  at lib$rsvp$asap$$flush (/home/alex/RubymineProjects/transport/frontend/node_modules/ember-cli/node_modules/rsvp/dist/rsvp.js:1198:9)
  at process._tickCallback (node.js:355:11)

version: 0.2.7

A new version of ember-cli is available (2.4.1). To install it, type ember update.
BuildingBuilding.Building..Building...
Path or pattern "bower_components/loader.js/loader.js" did not match any files
Error: Path or pattern "bower_components/loader.js/loader.js" did not match any files
  at Object.multiGlob (/home/alex/RubymineProjects/transport/frontend/node_modules/ember-cli/node_modules/broccoli-kitchen-sink-helpers/index.js:202:13)
  at Class.module.exports.CachingWriter.extend.addFiles (/home/alex/RubymineProjects/transport/frontend/node_modules/ember-cli/node_modules/broccoli-sourcemap-concat/concat-with-maps.js:74:13)
  at Class.module.exports.CachingWriter.extend.updateCache (/home/alex/RubymineProjects/transport/frontend/node_modules/ember-cli/node_modules/broccoli-sourcemap-concat/concat-with-maps.js:52:12)
  at /home/alex/RubymineProjects/transport/frontend/node_modules/ember-cli/node_modules/broccoli-sourcemap-concat/node_modules/broccoli-caching-writer/index.js:92:34
  at lib$rsvp$$internal$$tryCatch (/home/alex/RubymineProjects/transport/frontend/node_modules/ember-cli/node_modules/rsvp/dist/rsvp.js:1036:16)
  at lib$rsvp$$internal$$invokeCallback (/home/alex/RubymineProjects/transport/frontend/node_modules/ember-cli/node_modules/rsvp/dist/rsvp.js:1048:17)
  at lib$rsvp$$internal$$publish (/home/alex/RubymineProjects/transport/frontend/node_modules/ember-cli/node_modules/rsvp/dist/rsvp.js:1019:11)
  at lib$rsvp$asap$$flush (/home/alex/RubymineProjects/transport/frontend/node_modules/ember-cli/node_modules/rsvp/dist/rsvp.js:1198:9)
  at process._tickCallback (node.js:355:11)

Path or pattern "bower_components/loader.js/loader.js" did not match any files
Error: Path or pattern "bower_components/loader.js/loader.js" did not match any files
  at Object.multiGlob (/home/alex/RubymineProjects/transport/frontend/node_modules/ember-cli/node_modules/broccoli-kitchen-sink-helpers/index.js:202:13)
  at Class.module.exports.CachingWriter.extend.addFiles (/home/alex/RubymineProjects/transport/frontend/node_modules/ember-cli/node_modules/broccoli-sourcemap-concat/concat-with-maps.js:74:13)
  at Class.module.exports.CachingWriter.extend.updateCache (/home/alex/RubymineProjects/transport/frontend/node_modules/ember-cli/node_modules/broccoli-sourcemap-concat/concat-with-maps.js:52:12)
  at /home/alex/RubymineProjects/transport/frontend/node_modules/ember-cli/node_modules/broccoli-sourcemap-concat/node_modules/broccoli-caching-writer/index.js:92:34
  at lib$rsvp$$internal$$tryCatch (/home/alex/RubymineProjects/transport/frontend/node_modules/ember-cli/node_modules/rsvp/dist/rsvp.js:1036:16)
  at lib$rsvp$$internal$$invokeCallback (/home/alex/RubymineProjects/transport/frontend/node_modules/ember-cli/node_modules/rsvp/dist/rsvp.js:1048:17)
  at lib$rsvp$$internal$$publish (/home/alex/RubymineProjects/transport/frontend/node_modules/ember-cli/node_modules/rsvp/dist/rsvp.js:1019:11)
  at lib$rsvp$asap$$flush (/home/alex/RubymineProjects/transport/frontend/node_modules/ember-cli/node_modules/rsvp/dist/rsvp.js:1198:9)
  at process._tickCallback (node.js:355:11)

version: 0.2.7

A new version of ember-cli is available (2.4.1). To install it, type ember update.
BuildingBuilding.Building..Building...
Path or pattern "bower_components/loader.js/loader.js" did not match any files
Error: Path or pattern "bower_components/loader.js/loader.js" did not match any files
  at Object.multiGlob (/home/alex/RubymineProjects/transport/frontend/node_modules/ember-cli/node_modules/broccoli-kitchen-sink-helpers/index.js:202:13)
  at Class.module.exports.CachingWriter.extend.addFiles (/home/alex/RubymineProjects/transport/frontend/node_modules/ember-cli/node_modules/broccoli-sourcemap-concat/concat-with-maps.js:74:13)
  at Class.module.exports.CachingWriter.extend.updateCache (/home/alex/RubymineProjects/transport/frontend/node_modules/ember-cli/node_modules/broccoli-sourcemap-concat/concat-with-maps.js:52:12)
  at /home/alex/RubymineProjects/transport/frontend/node_modules/ember-cli/node_modules/broccoli-sourcemap-concat/node_modules/broccoli-caching-writer/index.js:92:34
  at lib$rsvp$$internal$$tryCatch (/home/alex/RubymineProjects/transport/frontend/node_modules/ember-cli/node_modules/rsvp/dist/rsvp.js:1036:16)
  at lib$rsvp$$internal$$invokeCallback (/home/alex/RubymineProjects/transport/frontend/node_modules/ember-cli/node_modules/rsvp/dist/rsvp.js:1048:17)
  at lib$rsvp$$internal$$publish (/home/alex/RubymineProjects/transport/frontend/node_modules/ember-cli/node_modules/rsvp/dist/rsvp.js:1019:11)
  at lib$rsvp$asap$$flush (/home/alex/RubymineProjects/transport/frontend/node_modules/ember-cli/node_modules/rsvp/dist/rsvp.js:1198:9)
  at process._tickCallback (node.js:355:11)

Path or pattern "bower_components/loader.js/loader.js" did not match any files
Error: Path or pattern "bower_components/loader.js/loader.js" did not match any files
  at Object.multiGlob (/home/alex/RubymineProjects/transport/frontend/node_modules/ember-cli/node_modules/broccoli-kitchen-sink-helpers/index.js:202:13)
  at Class.module.exports.CachingWriter.extend.addFiles (/home/alex/RubymineProjects/transport/frontend/node_modules/ember-cli/node_modules/broccoli-sourcemap-concat/concat-with-maps.js:74:13)
  at Class.module.exports.CachingWriter.extend.updateCache (/home/alex/RubymineProjects/transport/frontend/node_modules/ember-cli/node_modules/broccoli-sourcemap-concat/concat-with-maps.js:52:12)
  at /home/alex/RubymineProjects/transport/frontend/node_modules/ember-cli/node_modules/broccoli-sourcemap-concat/node_modules/broccoli-caching-writer/index.js:92:34
  at lib$rsvp$$internal$$tryCatch (/home/alex/RubymineProjects/transport/frontend/node_modules/ember-cli/node_modules/rsvp/dist/rsvp.js:1036:16)
  at lib$rsvp$$internal$$invokeCallback (/home/alex/RubymineProjects/transport/frontend/node_modules/ember-cli/node_modules/rsvp/dist/rsvp.js:1048:17)
  at lib$rsvp$$internal$$publish (/home/alex/RubymineProjects/transport/frontend/node_modules/ember-cli/node_modules/rsvp/dist/rsvp.js:1019:11)
  at lib$rsvp$asap$$flush (/home/alex/RubymineProjects/transport/frontend/node_modules/ember-cli/node_modules/rsvp/dist/rsvp.js:1198:9)
  at process._tickCallback (node.js:355:11)

version: 0.2.0

A new version of ember-cli is available (2.4.1). To install it, type ember update.
BuildingBuilding...
Brocfile.js not found
Error: Brocfile.js not found
  at Object.loadBrocfile (/home/alex/RubymineProjects/transport/frontend/node_modules/ember-cli/node_modules/broccoli/lib/builder.js:140:31)
  at Class.module.exports.Task.extend.setupBroccoliBuilder (/home/alex/RubymineProjects/transport/frontend/node_modules/ember-cli/lib/models/builder.js:22:29)
  at Class.module.exports.Task.extend.init (/home/alex/RubymineProjects/transport/frontend/node_modules/ember-cli/lib/models/builder.js:36:10)
  at new Class (/home/alex/RubymineProjects/transport/frontend/node_modules/ember-cli/node_modules/core-object/core-object.js:18:12)
  at Class.module.exports.Task.extend.run (/home/alex/RubymineProjects/transport/frontend/node_modules/ember-cli/lib/tasks/build-watch.js:17:16)
  at Class.module.exports.Command.extend.run (/home/alex/RubymineProjects/transport/frontend/node_modules/ember-cli/lib/commands/build.js:25:22)
  at Class.<anonymous> (/home/alex/RubymineProjects/transport/frontend/node_modules/ember-cli/lib/models/command.js:136:17)
  at lib$rsvp$$internal$$tryCatch (/home/alex/RubymineProjects/transport/frontend/node_modules/ember-cli/node_modules/rsvp/dist/rsvp.js:489:16)
  at lib$rsvp$$internal$$invokeCallback (/home/alex/RubymineProjects/transport/frontend/node_modules/ember-cli/node_modules/rsvp/dist/rsvp.js:501:17)
  at lib$rsvp$$internal$$publish (/home/alex/RubymineProjects/transport/frontend/node_modules/ember-cli/node_modules/rsvp/dist/rsvp.js:472:11)
  at lib$rsvp$asap$$flush (/home/alex/RubymineProjects/transport/frontend/node_modules/ember-cli/node_modules/rsvp/dist/rsvp.js:1290:9)
  at process._tickCallback (node.js:355:11)

